29092023	17:13:32	56540a4d-1129-4341-a0f7-257e982e6547	GET	/	undefined
29092023	17:13:32	db7aacc1-0eda-4880-8657-4e0bd742632e	GET	/css/style.css	undefined
29092023	17:14:34	89fdc377-58f3-4fdd-85be-55b1ea9dc543	GET	/main	undefined
29092023	17:14:34	3f73dc7d-937c-45bb-9e29-69691c4876f4	GET	/css/style.css	undefined
29092023	17:33:15	823b8e74-ac72-4fe8-87e4-11ad712cc984	GET	/	undefined
29092023	17:33:34	0d2ce0df-d020-4938-bce0-fbe0c1849550	GET	/	undefined
29092023	17:35:39	0af47f25-4a73-45c8-b422-1ec49144785c	GET	/	undefined
29092023	17:35:39	19f150b9-ed9c-4d44-ab41-851873ba1533	GET	/css/style.css	undefined
29092023	17:36:02	d6483037-49c8-4551-aadd-b94dd4f8ec4e	GET	/	undefined
29092023	17:36:17	a625620a-6386-41b4-9964-c93256f9fc82	GET	/	undefined
29092023	17:36:17	03ca454b-59d9-4baf-998e-62493a0b256a	GET	/css/style.css	undefined
29092023	17:36:20	1b7c5a12-45d5-4b2a-955e-665bc57801d7	GET	/	undefined
29092023	17:36:20	f5d1ad06-4326-4307-9a41-b38a69cb3564	GET	/css/style.css	undefined
29092023	17:37:40	72e63047-99f8-4a4b-a46f-01cea9243518	GET	/	undefined
29092023	17:37:40	191e8b03-2723-4609-8a9c-ebe116d5f0e1	GET	/css/style.css	undefined
29092023	17:38:58	82b2c08b-c721-4100-b504-0217aa5d5a66	GET	/	undefined
29092023	17:38:58	c05d4c70-d31e-4a70-9fc6-cb0bf3bcbc41	GET	/css/style.css	undefined
29092023	17:39:25	f50e7342-e612-4e3f-80cb-0de29c741bb3	GET	/	undefined
29092023	18:01:50	9823a6ac-9408-4334-9196-8730030b67ad	GET	/	undefined
29092023	18:01:50	a5d8468a-4bfa-4c48-9a98-7ff62e327ea6	GET	/css/style.css	undefined
29092023	18:02:03	2a79343b-3273-44e8-8e01-22fe477a0f80	GET	/	undefined
29092023	18:02:20	5c382167-186e-44b5-930a-033a0233ad6b	GET	/	null
29092023	18:03:18	e561baaa-3e6d-4250-9e5f-aecc403f61b5	GET	/	undefined
29092023	18:03:18	6d8626af-014c-466f-84aa-14d02d8a980b	GET	/css/style.css	undefined
29092023	18:03:37	fc4f9f47-4b5d-42b1-9fa3-26875fa0e0d1	GET	/	undefined
29092023	18:03:37	b7edae64-3d13-4c0a-a4b9-9ee1d48be414	GET	/css/style.css	undefined
29092023	18:03:42	e08edeab-4361-4856-8c90-fb3839325232	GET	/	null
29092023	18:04:52	e6f04a53-00e1-41ac-8172-5933ad2d3ddf	OPTIONS	/	https://www.google.com
29092023	18:04:52	0b28f184-f684-4d0a-9d7e-6b7a84d2f7b1	GET	/	https://www.google.com
02102023	11:25:49	538b7c35-4737-40d1-973a-c9399dd1f041	GET	/	undefined
02102023	11:25:49	4a82a1df-02b0-44cc-9013-f841f2195707	GET	/css/style.css	undefined
02102023	11:25:50	34053cbe-c8f7-47b5-bcc2-5e34a401bdcf	GET	/favicon.ico	undefined
02102023	11:25:52	edf292e0-d5b9-4548-ae49-8eb4efdcefdd	GET	/css/style.css	undefined
02102023	11:26:10	3b883d55-19a5-4890-9bc7-75f3476d9bdd	GET	/	undefined
02102023	11:26:10	43399cef-1d65-43ab-a154-a56d8974a5c9	GET	/css/style.css	undefined
03102023	18:24:47	c17f6e24-92ae-486b-a70b-3f6ea94b14f8	GET	/	undefined
03102023	18:24:47	61018450-1ec5-4519-b075-ed6416b0fcef	GET	/css/style.css	undefined
03102023	18:24:47	0cf321cb-deb5-452a-8439-db044649676a	GET	/favicon.ico	undefined
03102023	18:25:04	4efab6a9-3557-43da-a86d-62f7e56ec210	GET	/users	undefined
03102023	18:28:07	dc804e05-d3a1-49f7-9d96-ba8ca0bf8e2e	POST	/users	undefined
03102023	18:28:54	5a69af3c-8e59-43c8-8c85-ebe11d627da6	POST	/users	undefined
03102023	18:31:42	762288d5-22e5-439e-a6ec-8479f5816692	POST	/users	undefined
03102023	18:32:26	008b9cc6-4e55-4ce4-8bbf-2b7779cec3ae	POST	/users	undefined
03102023	18:32:34	724474cf-30d2-4246-b221-d7cbbbd149be	POST	/users	undefined
03102023	18:32:53	5c88086f-b29e-474e-9732-0809a1feaa06	POST	/users	undefined
03102023	18:33:50	85b6c827-ea85-4313-8a63-4b1424be7274	POST	/users	undefined
03102023	18:39:32	963f9720-d955-4e7d-8578-02a9e1d5006f	POST	/users	undefined
03102023	18:40:04	9ff3c7cf-92f5-4192-9816-88d7a0633e03	POST	/users	undefined
03102023	18:41:32	7e7aa9b8-b83f-46ac-92ef-07ffbd5e787b	GET	/users	undefined
03102023	18:41:55	51d920f7-6643-450c-a2c9-1dcf8878374c	POST	/users	undefined
03102023	18:44:13	bf53971a-2a54-417a-9757-45e4ca06c3e4	POST	/users	undefined
03102023	18:44:25	f7500fe0-29a0-47ff-b33c-acdb33c691af	GET	/users	undefined
04102023	16:34:51	77c0a4d7-3ec1-4790-b0be-4e30aeec37f0	GET	/users	undefined
04102023	16:35:04	a5cd54a9-c2cf-48a1-a5ff-d9debe7ebb3e	GET	/users	undefined
04102023	16:35:07	808d62f7-f625-4932-a0d3-383bb73ec804	GET	/users	undefined
04102023	16:36:35	a796f7d0-127f-44ca-8ecd-e830ddb95c33	GET	/users	undefined
04102023	16:37:32	7ee43821-3a10-4354-b0e2-51893fc75309	GET	/users	undefined
04102023	16:37:43	2206d20e-48c8-4432-b892-fe0ae66765e0	GET	/users	undefined
04102023	16:38:41	05eaeea3-64a2-4d88-a5f5-5c216d4682fc	GET	/users	undefined
04102023	16:38:51	42ba9570-f41b-4ae1-a32a-246a7ae3ac4b	GET	/users	undefined
04102023	16:38:59	d9a0e4ba-bb59-40e2-a254-757c3a8b508e	POST	/users	undefined
04102023	16:39:20	c9a47125-9683-45b3-b146-2ecdef1f10ce	POST	/users	undefined
04102023	16:39:25	94c26863-ee7e-4e3a-a3de-9cd5a3f10b92	POST	/users	undefined
04102023	16:39:37	47e0fa70-5f51-478e-afd9-9e54ee5d35e5	GET	/users	undefined
04102023	16:43:07	f67681d5-f59f-4191-9be5-8ebbad0285f7	GET	/users	undefined
04102023	16:43:50	615508eb-2f14-42cb-9471-efba41e86dad	POST	/users	undefined
04102023	16:44:53	9b796705-0d2d-415e-a5a2-89b2364cfdbf	PATCH	/users	undefined
06102023	11:23:08	fedf8730-58b1-44bd-9b1b-b1584418fa6f	GET	/users	undefined
06102023	11:25:05	5dbaa89f-cdf6-44b5-a33d-ecbcfa1800c1	PATCH	/users	undefined
06102023	11:25:22	0be777d3-4553-4537-838e-0aac5d9ffee7	PATCH	/users	undefined
06102023	11:27:47	802dd0d9-9ff6-4ad1-9aa8-d79e67957258	PATCH	/users	undefined
06102023	11:30:09	21570588-4fea-4a4d-9d79-171014435f62	PATCH	/users	undefined
06102023	11:31:06	25a2888d-47e3-4e12-ae9c-ac7fb58c03db	PATCH	/users	undefined
06102023	11:31:58	3463a891-7209-4672-bd00-77155faeb3b6	PATCH	/users	undefined
06102023	11:32:41	4dbb69fc-b6cd-4bb5-956b-02defb6157de	PATCH	/users	undefined
06102023	11:33:32	ec23211f-f873-45b0-935d-35e7396f8d38	GET	/users	undefined
06102023	11:34:55	0ab949d2-966c-43c3-8c28-df1add5d4a77	PATCH	/users	undefined
06102023	11:37:35	48879477-a324-48b1-9916-c6b985c08a97	PATCH	/users	undefined
06102023	11:38:00	9e833174-1f46-48ab-a0f6-77773857a7df	GET	/users	undefined
06102023	11:38:48	0afbcf38-1d45-4361-911b-b7db9c3f2e7c	PATCH	/users	undefined
06102023	11:41:43	944dab61-7283-4853-b874-ef95b10ee8b9	PATCH	/users	undefined
06102023	11:43:47	3f856f60-a691-4ebb-8239-1c4a818b2f9d	PATCH	/users	undefined
06102023	11:48:53	796dc688-8ba3-42ed-8457-a2dbec091468	PATCH	/users	undefined
06102023	11:50:21	0d317105-d826-4116-8c43-e1e5ca878d34	PATCH	/users	undefined
06102023	11:51:15	a07ea311-b6c2-4c0b-8996-329de4e736f9	PATCH	/users	undefined
06102023	11:51:30	ada56285-b384-4cc6-9b88-08224a0d4b78	GET	/users	undefined
06102023	11:59:35	1337c0e5-b7fb-4090-8b21-eb1f36558337	DELETE	/users	undefined
06102023	12:00:13	7d4acaa3-155e-444a-8326-5a4fcbe73ab4	DELETE	/users	undefined
06102023	12:01:26	200ba93d-ddb6-4232-8047-3736cb1d032c	DELETE	/users	undefined
06102023	12:01:32	02ee6e0c-c547-4b37-b252-9e01b43e6c7b	DELETE	/users	undefined
06102023	12:02:41	c67a6789-48a1-4670-9d17-f1df408c561e	DELETE	/users	undefined
06102023	12:02:48	3d39f024-5f4e-4570-86a3-bb782789520f	DELETE	/users	undefined
06102023	12:04:25	21da4a46-c70e-4a8a-98c8-b5c950f5ae7b	GET	/users	undefined
06102023	12:05:10	3aedef07-9fac-442c-8202-f9f5cd92eb94	POST	/users	undefined
06102023	12:05:16	755aa689-67b7-4015-ad45-364ded5b7502	GET	/users	undefined
06102023	12:05:43	b2888888-2010-44c2-a4ed-c940a9d5cf63	GET	/users	undefined
06102023	12:06:08	4362f253-17aa-4b24-97da-d18695e6a168	POST	/users	undefined
06102023	12:06:15	e068011d-bd0c-4544-a4d7-b9b0006549ab	POST	/users	undefined
06102023	12:06:55	e603fe9a-7ae9-440f-bf7c-b95d291b49bf	PATCH	/users	undefined
06102023	12:07:16	9c75e350-6793-4210-abc5-daec42808f1a	POST	/users	undefined
06102023	12:07:21	13303d52-be73-4d65-9274-546575e620cb	POST	/users	undefined
06102023	12:07:49	80d5838d-93d4-4c85-ba36-2962cbca8d90	PATCH	/users	undefined
06102023	12:08:00	e0f0659e-e1ee-4d19-96ba-51a99481369d	PATCH	/users	undefined
06102023	12:08:05	7966fd39-8331-47b8-a63e-de6f5ed08647	GET	/users	undefined
06102023	12:30:01	e6f2137d-9449-4d79-b3bf-620d56c2cd94	GET	/users	undefined
06102023	12:30:23	5c358462-2c57-476a-aea2-56b511047122	POST	/users	undefined
06102023	12:30:28	51861947-9215-418e-bebc-17c3dcf482f6	GET	/users	undefined
06102023	12:31:50	c7bbfe77-e8da-4b0e-a440-88290913a5fa	GET	/users	undefined
